-------------------------------------
Beginning Export of all Source
WHEATLEY.accdb
VCS Version 3.4.23
Performing Full Export
12/1/2022 3:41:01 PM
-------------------------------------
-------------------------------------
Exporting project...          
  WHEATLEY.accdb
[1]
-------------------------------------
Exporting vb project...       
  WHEATLEY
[1]
-------------------------------------
Exporting vbe references...   
  stdole
[6]
-------------------------------------
No vbe forms found in this database.
-------------------------------------
No proj properties found in this database.
-------------------------------------
No saved specs found in this database.
-------------------------------------
Exporting db properties...    
  Database Properties (DAO)
[53]
-------------------------------------
No shared images found in this database.
-------------------------------------
Exporting themes...           
  Office Theme
[1]
-------------------------------------
Exporting imex specs...       
  Spec 4
[1]
-------------------------------------
Exporting tables...           
  refREV
  refREV (SQL)
  refWATER_DEN
  refWATER_DEN (SQL)
  tblATMOSPHERE
  tblATMOSPHERE (SQL)
  tblBUILDINGS
  tblBUILDINGS (SQL)
  tblCHEMICALS
  tblCHEMICALS (SQL)
  tbLCHEMICALS_MOVE
  tbLCHEMICALS_MOVE (SQL)
  tblDI_WATER
  tblDI_WATER (SQL)
  tblEP
  tblEP (SQL)
  tblEP_BATHE
  tblEP_BATHE (SQL)
  tblEP_CSEAL
  tblEP_CSEAL (SQL)
  tblEP_ELECTRODE
  tblEP_ELECTRODE (SQL)
  tblEP_MISC
  tblEP_MISC (SQL)
  tblFUMEHOODS
  tblFUMEHOODS (SQL)
  tblJOIN_BUILDING_ROOM
  tblJOIN_BUILDING_ROOM (SQL)
  tblLABORATORIES
  tblLABORATORIES (SQL)
  tblLEAK_CHECK
  tblLEAK_CHECK (SQL)
  tblLINES
  tblLINES (SQL)
  tblLOCATIONS
  tblLOCATIONS (SQL)
  tblMAINTENANCE_DAILY_CL
  tblMAINTENANCE_DAILY_CL (SQL)
  tblMAINTENANCE_DAILY_CR
  tblMAINTENANCE_DAILY_CR (SQL)
  tblMAINTENANCE_MONTHLY_CL
  tblMAINTENANCE_MONTHLY_CL (SQL)
  tblMAINTENANCE_MONTHLY_CR
  tblMAINTENANCE_MONTHLY_CR (SQL)
  tblMAINTENANCE_QUARTERLY_CL
  tblMAINTENANCE_QUARTERLY_CL (SQL)
  tblMAINTENANCE_WEEKLY_CL
  tblMAINTENANCE_WEEKLY_CL (SQL)
  tblMAINTENANCE_WEEKLY_CR
  tblMAINTENANCE_WEEKLY_CR (SQL)
  tblMETALS_AAS
  tblMETALS_AAS (SQL)
  tblMETERS_CR
  tblMETERS_CR (SQL)
  tblPART_01
  tblPART_01 (SQL)
  tblPART_01_CSEAL
  tblPART_01_CSEAL (SQL)
  tblPART_01_ELECTRODE
  tblPART_01_ELECTRODE (SQL)
  tblPART_07
  tblPART_07 (SQL)
  tblPART_156
  tblPART_156 (SQL)
  tblPART_STORAGE
  tblPART_STORAGE (SQL)
  tblPART_TYPES
  tblPART_TYPES (SQL)
  tblPARTNUM
  tblPARTNUM (SQL)
  tblPASSIVATE
  tblPASSIVATE (SQL)
  tblPH_WASTE
  tblPH_WASTE (SQL)
  tblPRESS
  tblPRESS (SQL)
  tblROOMTYPES
  tblROOMTYPES (SQL)
  tblSHIFTS
  tblSHIFTS (SQL)
  tblSPECIFICGRAVITY
  tblSPECIFICGRAVITY (SQL)
  tblSUBCATEGORY
  tblSUBCATEGORY (SQL)
  tblSUPERVISORS
  tblSUPERVISORS (SQL)
  tblSURFACE_ANALYSIS_AUGER
  tblSURFACE_ANALYSIS_AUGER (SQL)
  tblSURFACE_ANALYSIS_IC
  tblSURFACE_ANALYSIS_IC (SQL)
  tblSURFACE_ANALYSIS_XPS
  tblSURFACE_ANALYSIS_XPS (SQL)
  tblTASKLIST
  tblTASKLIST (SQL)
  tblTECHNAME
  tblTECHNAME (SQL)
  tblTITRATION
  tblTITRATION (SQL)
  tblULTRASONICS
  tblULTRASONICS (SQL)
  tblWASTEWATER
  tblWASTEWATER (SQL)
[51]
-------------------------------------
Exporting queries...          
  dupBATH
    Sanitized in 0.005 seconds.
  dupBATH (SQL)
  dupEP
    Sanitized in 0.005 seconds.
  dupEP (SQL)
  dupLEAK_CHECK
    Sanitized in 0.003 seconds.
  dupLEAK_CHECK (SQL)
  dupPART_01
    Sanitized in 0.003 seconds.
  dupPART_01 (SQL)
  dupPART_07
    Sanitized in 0.003 seconds.
  dupPART_07 (SQL)
  dupPART_156
    Sanitized in 0.003 seconds.
  dupPART_156 (SQL)
  dupPARTNUM
    Sanitized in 0.003 seconds.
  dupPARTNUM (SQL)
  dupPASSIVATION
    Sanitized in 0.003 seconds.
  dupPASSIVATION (SQL)
  dupPRESS
Source: modSanitize.SanitizeFile
    Sanitized in 0.003 seconds.
  dupPRESS (SQL)
  dupSUPERVISORS
    Sanitized in 0.004 seconds.
  dupSUPERVISORS (SQL)
  dupTECHNAME
    Sanitized in 0.003 seconds.
  dupTECHNAME (SQL)
  dupWASTEWATER
    Sanitized in 0.003 seconds.
  dupWASTEWATER (SQL)
  qryCHEMICALS_MOVE_DISPLAY
    Sanitized in 0.004 seconds.
  qryCHEMICALS_MOVE_DISPLAY (SQL)
  qryDI_WATER
    Sanitized in 0.005 seconds.
  qryDI_WATER (SQL)
  qryEMPLOYEE_CL
    Sanitized in 0.003 seconds.
  qryEMPLOYEE_CL (SQL)
  qryEMPLOYEE_CR
    Sanitized in 0.003 seconds.
  qryEMPLOYEE_CR (SQL)
  qryEP_BATHE
    Sanitized in 0.004 seconds.
  qryEP_BATHE (SQL)
  qryEP_CSEAL
Source: modSanitize.SanitizeFile
    Sanitized in 0.002 seconds.
  qryEP_CSEAL (SQL)
  qryEP_ELECTRODES
Source: modSanitize.SanitizeFile
    Sanitized in 0.002 seconds.
  qryEP_ELECTRODES (SQL)
  qryEP_FIXTURES
    Sanitized in 0.005 seconds.
  qryEP_FIXTURES (SQL)
  qryEP_PARTID
    Sanitized in 0.003 seconds.
  qryEP_PARTID (SQL)
  qryFUMEHOODS
    Sanitized in 0.004 seconds.
  qryFUMEHOODS (SQL)
  qryFUMEHOODS_DISPLAY
    Sanitized in 0.004 seconds.
  qryFUMEHOODS_DISPLAY (SQL)
  qryLATETASKS
    Sanitized in 0.007 seconds.
  qryLATETASKS (SQL)
  qryLATETASKS_COMBINED
    Sanitized in 0.008 seconds.
  qryLATETASKS_COMBINED (SQL)
  qryLEAK_CHECK
Source: modSanitize.SanitizeFile
    Sanitized in 0.002 seconds.
  qryLEAK_CHECK (SQL)
  qryLINKED
    Sanitized in 0.003 seconds.
  qryLINKED (SQL)
  qryMAINTENANCE_DAILY_CL
    Sanitized in 0.004 seconds.
  qryMAINTENANCE_DAILY_CL (SQL)
  qryMAINTENANCE_DAILY_CL_COMPLETION
    Sanitized in 0.004 seconds.
  qryMAINTENANCE_DAILY_CL_COMPLETION (SQL)
  qryMAINTENANCE_DAILY_CL_DISPLAY
    Sanitized in 0.004 seconds.
  qryMAINTENANCE_DAILY_CL_DISPLAY (SQL)
  qryMAINTENANCE_DAILY_CR
    Sanitized in 0.004 seconds.
  qryMAINTENANCE_DAILY_CR (SQL)
  qryMAINTENANCE_DAILY_CR_COMPLETION
    Sanitized in 0.003 seconds.
  qryMAINTENANCE_DAILY_CR_COMPLETION (SQL)
  qryMAINTENANCE_DAILY_CR_DISPLAY
    Sanitized in 0.004 seconds.
  qryMAINTENANCE_DAILY_CR_DISPLAY (SQL)
  qryMAINTENANCE_METERS_COMPLETION
    Sanitized in 0.003 seconds.
  qryMAINTENANCE_METERS_COMPLETION (SQL)
  qryMAINTENANCE_METERS_CR
    Sanitized in 0.004 seconds.
  qryMAINTENANCE_METERS_CR (SQL)
  qryMAINTENANCE_MONTHLY_CL
    Sanitized in 0.003 seconds.
  qryMAINTENANCE_MONTHLY_CL (SQL)
  qryMAINTENANCE_MONTHLY_CR
    Sanitized in 0.005 seconds.
  qryMAINTENANCE_MONTHLY_CR (SQL)
  qryMAINTENANCE_MONTHLY_CR_COMPLETION
    Sanitized in 0.004 seconds.
  qryMAINTENANCE_MONTHLY_CR_COMPLETION (SQL)
  qryMAINTENANCE_WEEKLY_CL
    Sanitized in 0.003 seconds.
  qryMAINTENANCE_WEEKLY_CL (SQL)
  qryMAINTENANCE_WEEKLY_CL_COMPLETION
    Sanitized in 0.004 seconds.
  qryMAINTENANCE_WEEKLY_CL_COMPLETION (SQL)
  qryMAINTENANCE_WEEKLY_CR
    Sanitized in 0.005 seconds.
  qryMAINTENANCE_WEEKLY_CR (SQL)
  qryMAINTENANCE_WEEKLY_CR_COMPLETION
    Sanitized in 0.004 seconds.
  qryMAINTENANCE_WEEKLY_CR_COMPLETION (SQL)
  qryMETALCONTENT
    Sanitized in 0.006 seconds.
  qryMETALCONTENT (SQL)
  qryMETALS_AAS_DISPLAY
    Sanitized in 0.007 seconds.
  qryMETALS_AAS_DISPLAY (SQL)
  qryMETERS_CR
    Sanitized in 0.005 seconds.
  qryMETERS_CR (SQL)
  qryPART_01
    Sanitized in 0.005 seconds.
  qryPART_01 (SQL)
  qryPART_01_ELECTRODE
Source: modSanitize.SanitizeFile
    Sanitized in 0.003 seconds.
  qryPART_01_ELECTRODE (SQL)
  qryPART_07
Source: modSanitize.SanitizeFile
    Sanitized in 0.002 seconds.
  qryPART_07 (SQL)
  qryPART_LOCATION
    Sanitized in 0.003 seconds.
  qryPART_LOCATION (SQL)
  qryPARTNUM
    Sanitized in 0.003 seconds.
  qryPARTNUM (SQL)
  qryPARTNUM_ALL
Source: modSanitize.SanitizeFile
    Sanitized in 0.002 seconds.
  qryPARTNUM_ALL (SQL)
  qryPARTNUM_LINK
    Sanitized in 0.003 seconds.
  qryPARTNUM_LINK (SQL)
  qryPARTS_BATHE
    Sanitized in 0.004 seconds.
  qryPARTS_BATHE (SQL)
  qryPASSIVATION
    Sanitized in 0.004 seconds.
  qryPASSIVATION (SQL)
  qryPH_WASTE
    Sanitized in 0.003 seconds.
  qryPH_WASTE (SQL)
  qryPH_WASTE_DISPLAY
    Sanitized in 0.004 seconds.
  qryPH_WASTE_DISPLAY (SQL)
  qryPRESS
    Sanitized in 0.004 seconds.
  qryPRESS (SQL)
  qrySPECIFICGRAVITY
    Sanitized in 0.004 seconds.
  qrySPECIFICGRAVITY (SQL)
  qrySPECIFICGRAVITY_DISPLAY
    Sanitized in 0.004 seconds.
  qrySPECIFICGRAVITY_DISPLAY (SQL)
  qrySUPERVISOR_TASK
    Sanitized in 0.003 seconds.
  qrySUPERVISOR_TASK (SQL)
  qrySURFACE_ANALYSIS_AUGER
    Sanitized in 0.005 seconds.
  qrySURFACE_ANALYSIS_AUGER (SQL)
  qrySURFACE_ANALYSIS_IC
    Sanitized in 0.006 seconds.
  qrySURFACE_ANALYSIS_IC (SQL)
  qrySURFACE_ANALYSIS_XPS
    Sanitized in 0.005 seconds.
  qrySURFACE_ANALYSIS_XPS (SQL)
  qryTITRATION
    Sanitized in 0.004 seconds.
  qryTITRATION (SQL)
  qryTITRATION_DISPLAY
    Sanitized in 0.005 seconds.
  qryTITRATION_DISPLAY (SQL)
  qryULTRASONIC
    Sanitized in 0.005 seconds.
  qryULTRASONIC (SQL)
  qryULTRASONIC_DISPLAY
    Sanitized in 0.004 seconds.
  qryULTRASONIC_DISPLAY (SQL)
  qryWASTEWATER
    Sanitized in 0.005 seconds.
  qryWASTEWATER (SQL)
  qryWHERE_USED
    Sanitized in 0.004 seconds.
  qryWHERE_USED (SQL)
[69]
-------------------------------------
Exporting forms...            
  fmHOME
    Sanitized in 0.023 seconds.
  fmMAINTENANCE_WEEKLY_CL
    Sanitized in 0.011 seconds.
  fmMAINTENANCE_MONTHLY_CL
    Sanitized in 0.012 seconds.
  fmADJUSTTASKS
    Sanitized in 0.023 seconds.
  fmEP_NEW
    Sanitized in 0.046 seconds.
  fmPASSIVATION_NEW
    Sanitized in 0.022 seconds.
  fmPART_NEW
    Sanitized in 0.018 seconds.
  fmWASTEWATER
    Sanitized in 0.025 seconds.
  fmWASTEMONITOR
    Sanitized in 0.006 seconds.
  fmLEAKCHECK_NEW
    Sanitized in 0.019 seconds.
  fmBATH_NEW
    Sanitized in 0.022 seconds.
  fmFUMEHOODS
    Sanitized in 0.014 seconds.
  fmMAINTENANCE_METERS_CR
    Sanitized in 0.013 seconds.
  fmPRESS
    Sanitized in 0.013 seconds.
  fmSURFACE_ANALYSIS_AUGER
    Sanitized in 0.035 seconds.
  fmLEAKCHECK_EDIT
    Sanitized in 0.024 seconds.
  fmMETERS_CR
    Sanitized in 0.014 seconds.
  fmPASSIVATION_EDIT
    Sanitized in 0.022 seconds.
  fmSHIFTS_EDIT
    Sanitized in 0.011 seconds.
  fmPRESS_EDIT
    Sanitized in 0.022 seconds.
  fmLOCATIONS
    Sanitized in 0.009 seconds.
  fmBASIC_ULTRASONICS
    Sanitized in 0.007 seconds.
  fmEP_EDIT
    Sanitized in 0.042 seconds.
  fmPART_EDIT
    Sanitized in 0.021 seconds.
  fmBATH_EDIT
    Sanitized in 0.023 seconds.
  fmULTRASONICS
    Sanitized in 0.023 seconds.
  fmTITRATION
    Sanitized in 0.040 seconds.
  fmPARTNUM_EDIT
    Sanitized in 0.016 seconds.
  fmSUPERVISOR_EDIT
    Sanitized in 0.018 seconds.
  fmTECHNICIAN
    Sanitized in 0.007 seconds.
  fmMAINTENANCE_CR
    Sanitized in 0.008 seconds.
  fmMETALS_AAS
    Sanitized in 0.025 seconds.
  fmTASKS_CL
    Sanitized in 0.008 seconds.
  fmMAINTENANCE_DAILY_CL
    Sanitized in 0.021 seconds.
  fmMAINTENANCE_DAILY_CR
    Sanitized in 0.015 seconds.
  fmPH
    Sanitized in 0.012 seconds.
  fmPASSIVATION_SEARCH
    Sanitized in 0.012 seconds.
  fmEPFIXTURES_SEARCH
    Sanitized in 0.028 seconds.
  fmENGINEER
    Sanitized in 0.011 seconds.
  fmBASIC_MAP
    Sanitized in 0.012 seconds.
  fmLABORATORIES_EDIT
    Sanitized in 0.011 seconds.
  fmTECHNICIAN_EDIT
    Sanitized in 0.012 seconds.
  fmEXPORTDATA
    Sanitized in 0.020 seconds.
  fmPASSWORD
    Sanitized in 0.010 seconds.
  fmPARTNUM_NEW
    Sanitized in 0.009 seconds.
  fmTECHNICIAN_NEW
    Sanitized in 0.011 seconds.
  fmLABORATORIES_NEW
    Sanitized in 0.011 seconds.
  fmMAINTENANCE_MONTHLY_CR
    Sanitized in 0.020 seconds.
  fmMAINTENANCE_WEEKLY_CR
    Sanitized in 0.022 seconds.
  fmMAINTENANCE_CL
    Sanitized in 0.008 seconds.
  fmSURFACE_QUALITY_IC
    Sanitized in 0.026 seconds.
  fmATMOSPHERE
    Sanitized in 0.010 seconds.
  fmSURFACE_QUALITY
    Sanitized in 0.007 seconds.
  fmDI_WATER
    Sanitized in 0.088 seconds.
  fmLEAKCHECK
    Sanitized in 0.013 seconds.
  fmWHERE_USED
    Sanitized in 0.013 seconds.
  fmPRESS_NEW
    Sanitized in 0.019 seconds.
  fmSUPERVISOR_NEW
    Sanitized in 0.014 seconds.
  fmSURFACE_ANALYSIS_XPS
    Sanitized in 0.033 seconds.
  fmMAINTENANCE_QUARTERLY_CL
    Sanitized in 0.010 seconds.
  fmPASSIVATION_BROWSE
    Sanitized in 0.005 seconds.
  fmCHEMICAL_MOVE
    Sanitized in 0.014 seconds.
  fmPARTNUM_BROWSE
    Sanitized in 0.005 seconds.
  fmBATH_BROWSE
    Sanitized in 0.024 seconds.
  fmPART_INFO
    Sanitized in 0.012 seconds.
  fmSPECIFICGRAVITY
    Sanitized in 0.020 seconds.
  fmHOME_CL
    Sanitized in 0.020 seconds.
  fmHOME_CR
    Sanitized in 0.018 seconds.
[68]
-------------------------------------
No macros found in this database.
-------------------------------------
No reports found in this database.
-------------------------------------
No table data found in this database.
-------------------------------------
Exporting modules...          
  frmFieldPopulating
  openPDFfile
  modMousePointers
  resolutionAdjustment
  maintenanceCheck
  emailBuilder
  errorHandling
  convertValues
  dueDates
[9]
-------------------------------------
No table data macros found in this database.
-------------------------------------
No relations found in this database.
-------------------------------------
Exporting doc properties...   
  Database Documents
[4]
-------------------------------------
Exporting nav pane groups...  
  Groups
[123]
-------------------------------------
Exporting hidden attributes...
  Database hidden attributes
[16]
-------------------------------------
Done. (57.69 seconds)

--------------------------------------------------
                PERFORMANCE REPORTS
--------------------------------------------------
Object Type                   Count     Seconds
--------------------------------------------------
Project                       1         0.03
VB Project                    1         0.05
VBE References                6         0.05
DB Properties                 53        0.22
Themes                        1         0.02
IMEX Specs                    1         0.10
Tables                        51        8.63
Queries                       69        37.15
Forms                         68        8.58
Modules                       9         0.68
Doc Properties                4         0.05
Nav Pane Groups               123       0.35
Hidden Attributes             16        0.03
--------------------------------------------------
TOTALS:                       403       55.94
--------------------------------------------------

--------------------------------------------------
Operations                    Count     Seconds
--------------------------------------------------
Read File                     265       0.88
Parse JSON                    60        0.08
Convert to JSON               3496      1.13
Compute SHA256                347       0.03
Console Updates               7         0.09
Compare Dictionary            58        0.00
Get Modified Date             200       1.05
Get File Property Hash        200       0.53
Write File                    259       2.73
Verify Path                   406       0.17
Create Folder                 1         0.00
Export Theme                  1         0.01
Clear Orphaned                5         0.98
Save Table SQL                51        3.60
Increment Progress            67        0.34
App.SaveAsText()              137       33.87
Delete File                   144       0.77
Read File Bytes               205       0.37
Sanitize File                 137       1.18
Save Query SQL                69        0.31
Read File DevMode             68        0.15
Get VBA Hash                  77        0.15
Export VBE Module             9         0.09
Enc. Windows-1252 as utf-8    9         0.38
--------------------------------------------------
Other Operations                        8.84
--------------------------------------------------


