-------------------------------------
Beginning Export of all Source
WHEATLEY.accdb
VCS Version 3.4.20
Performing Full Export
4/27/2022 1:43:56 PM
-------------------------------------
-------------------------------------
Exporting project...          
  WHEATLEY.accdb
[1]
-------------------------------------
Exporting vb project...       
  WHEATLEY
[1]
-------------------------------------
Exporting vbe references...   
  stdole
[6]
-------------------------------------
No vbe forms found in this database.
-------------------------------------
No proj properties found in this database.
-------------------------------------
No saved specs found in this database.
-------------------------------------
Exporting db properties...    
  Database Properties (DAO)
[51]
-------------------------------------
No shared images found in this database.
-------------------------------------
Exporting themes...           
  Office Theme
[1]
-------------------------------------
Exporting imex specs...       
  Spec 4
[1]
-------------------------------------
Exporting tables...           
  refREV
  refREV (SQL)
  refWATER_DEN
  refWATER_DEN (SQL)
  tblATMOSPHERE
  tblATMOSPHERE (SQL)
  tblBUILDINGS
  tblBUILDINGS (SQL)
  tblCHEMICALS
  tblCHEMICALS (SQL)
  tbLCHEMICALS_MOVE
  tbLCHEMICALS_MOVE (SQL)
  tblDI_WATER
  tblDI_WATER (SQL)
  tblEP
  tblEP (SQL)
  tblEP_BATHE
  tblEP_BATHE (SQL)
  tblEP_CSEAL
  tblEP_CSEAL (SQL)
  tblEP_ELECTRODE
  tblEP_ELECTRODE (SQL)
  tblEP_MISC
  tblEP_MISC (SQL)
  tblFUMEHOODS
  tblFUMEHOODS (SQL)
  tblJOIN_BUILDING_ROOM
  tblJOIN_BUILDING_ROOM (SQL)
  tblLABORATORIES
  tblLABORATORIES (SQL)
  tblLEAK_CHECK
  tblLEAK_CHECK (SQL)
  tblLINES
  tblLINES (SQL)
  tblLOCATIONS
  tblLOCATIONS (SQL)
  tblMAINTENANCE_DAILY_CL
  tblMAINTENANCE_DAILY_CL (SQL)
  tblMAINTENANCE_DAILY_CR
  tblMAINTENANCE_DAILY_CR (SQL)
  tblMAINTENANCE_MONTHLY_CL
  tblMAINTENANCE_MONTHLY_CL (SQL)
  tblMAINTENANCE_MONTHLY_CR
  tblMAINTENANCE_MONTHLY_CR (SQL)
  tblMAINTENANCE_QUARTERLY_CL
  tblMAINTENANCE_QUARTERLY_CL (SQL)
  tblMAINTENANCE_WEEKLY_CL
  tblMAINTENANCE_WEEKLY_CL (SQL)
  tblMAINTENANCE_WEEKLY_CR
  tblMAINTENANCE_WEEKLY_CR (SQL)
  tblMETALS_AAS
  tblMETALS_AAS (SQL)
  tblMETERS_CR
  tblMETERS_CR (SQL)
  tblPART_01
  tblPART_01 (SQL)
  tblPART_01_CSEAL
  tblPART_01_CSEAL (SQL)
  tblPART_01_ELECTRODE
  tblPART_01_ELECTRODE (SQL)
  tblPART_07
  tblPART_07 (SQL)
  tblPART_156
  tblPART_156 (SQL)
  tblPART_STORAGE
  tblPART_STORAGE (SQL)
  tblPART_TYPES
  tblPART_TYPES (SQL)
  tblPARTNUM
  tblPARTNUM (SQL)
  tblPASSIVATE
  tblPASSIVATE (SQL)
  tblPH_WASTE
  tblPH_WASTE (SQL)
  tblPRESS
  tblPRESS (SQL)
  tblROOMTYPES
  tblROOMTYPES (SQL)
  tblSHIFTS
  tblSHIFTS (SQL)
  tblSPECIFICGRAVITY
  tblSPECIFICGRAVITY (SQL)
  tblSUBCATEGORY
  tblSUBCATEGORY (SQL)
  tblSUPERVISORS
  tblSUPERVISORS (SQL)
  tblSURFACE_ANALYSIS_AUGER
  tblSURFACE_ANALYSIS_AUGER (SQL)
  tblSURFACE_ANALYSIS_IC
  tblSURFACE_ANALYSIS_IC (SQL)
  tblSURFACE_ANALYSIS_XPS
  tblSURFACE_ANALYSIS_XPS (SQL)
  tblTASKLIST
  tblTASKLIST (SQL)
  tblTECHNAME
  tblTECHNAME (SQL)
  tblTITRATION
  tblTITRATION (SQL)
  tblULTRASONICS
  tblULTRASONICS (SQL)
  tblWASTEWATER
  tblWASTEWATER (SQL)
[51]
-------------------------------------
Exporting queries...          
  dupBATH
    Sanitized in 0.004 seconds.
  dupBATH (SQL)
  dupEP
    Sanitized in 0.003 seconds.
  dupEP (SQL)
  dupLEAK_CHECK
    Sanitized in 0.003 seconds.
  dupLEAK_CHECK (SQL)
  dupPART_01
    Sanitized in 0.003 seconds.
  dupPART_01 (SQL)
  dupPART_07
    Sanitized in 0.003 seconds.
  dupPART_07 (SQL)
  dupPART_156
    Sanitized in 0.002 seconds.
  dupPART_156 (SQL)
  dupPARTNUM
    Sanitized in 0.003 seconds.
  dupPARTNUM (SQL)
  dupPASSIVATION
    Sanitized in 0.006 seconds.
  dupPASSIVATION (SQL)
  dupPRESS
Source: modSanitize.SanitizeFile
    Sanitized in 0.003 seconds.
  dupPRESS (SQL)
  dupSUPERVISORS
    Sanitized in 0.004 seconds.
  dupSUPERVISORS (SQL)
  dupTECHNAME
    Sanitized in 0.002 seconds.
  dupTECHNAME (SQL)
  dupWASTEWATER
    Sanitized in 0.002 seconds.
  dupWASTEWATER (SQL)
  qryCHEMICALS_MOVE_DISPLAY
    Sanitized in 0.007 seconds.
  qryCHEMICALS_MOVE_DISPLAY (SQL)
  qryDI_WATER
    Sanitized in 0.005 seconds.
  qryDI_WATER (SQL)
  qryEMPLOYEE_CL
    Sanitized in 0.004 seconds.
  qryEMPLOYEE_CL (SQL)
  qryEMPLOYEE_CR
    Sanitized in 0.002 seconds.
  qryEMPLOYEE_CR (SQL)
  qryEP_BATHE
    Sanitized in 0.004 seconds.
  qryEP_BATHE (SQL)
  qryEP_CSEAL
Source: modSanitize.SanitizeFile
    Sanitized in 0.002 seconds.
  qryEP_CSEAL (SQL)
  qryEP_ELECTRODES
Source: modSanitize.SanitizeFile
    Sanitized in 0.002 seconds.
  qryEP_ELECTRODES (SQL)
  qryEP_FIXTURES
    Sanitized in 0.004 seconds.
  qryEP_FIXTURES (SQL)
  qryEP_PARTID
    Sanitized in 0.003 seconds.
  qryEP_PARTID (SQL)
  qryFUMEHOODS
    Sanitized in 0.004 seconds.
  qryFUMEHOODS (SQL)
  qryFUMEHOODS_DISPLAY
    Sanitized in 0.004 seconds.
  qryFUMEHOODS_DISPLAY (SQL)
  qryLATETASKS
    Sanitized in 0.009 seconds.
  qryLATETASKS (SQL)
  qryLATETASKS_COMBINED
    Sanitized in 0.008 seconds.
  qryLATETASKS_COMBINED (SQL)
  qryLEAK_CHECK
Source: modSanitize.SanitizeFile
    Sanitized in 0.002 seconds.
  qryLEAK_CHECK (SQL)
  qryLINKED
    Sanitized in 0.003 seconds.
  qryLINKED (SQL)
  qryMAINTENANCE_DAILY_CL
    Sanitized in 0.006 seconds.
  qryMAINTENANCE_DAILY_CL (SQL)
  qryMAINTENANCE_DAILY_CL_COMPLETION
    Sanitized in 0.005 seconds.
  qryMAINTENANCE_DAILY_CL_COMPLETION (SQL)
  qryMAINTENANCE_DAILY_CL_DISPLAY
    Sanitized in 0.003 seconds.
  qryMAINTENANCE_DAILY_CL_DISPLAY (SQL)
  qryMAINTENANCE_DAILY_CR
    Sanitized in 0.004 seconds.
  qryMAINTENANCE_DAILY_CR (SQL)
  qryMAINTENANCE_DAILY_CR_COMPLETION
    Sanitized in 0.003 seconds.
  qryMAINTENANCE_DAILY_CR_COMPLETION (SQL)
  qryMAINTENANCE_DAILY_CR_DISPLAY
    Sanitized in 0.003 seconds.
  qryMAINTENANCE_DAILY_CR_DISPLAY (SQL)
  qryMAINTENANCE_METERS_COMPLETION
    Sanitized in 0.005 seconds.
  qryMAINTENANCE_METERS_COMPLETION (SQL)
  qryMAINTENANCE_METERS_CR
    Sanitized in 0.006 seconds.
  qryMAINTENANCE_METERS_CR (SQL)
  qryMAINTENANCE_MONTHLY_CL
    Sanitized in 0.006 seconds.
  qryMAINTENANCE_MONTHLY_CL (SQL)
  qryMAINTENANCE_MONTHLY_CR
    Sanitized in 0.006 seconds.
  qryMAINTENANCE_MONTHLY_CR (SQL)
  qryMAINTENANCE_MONTHLY_CR_COMPLETION
    Sanitized in 0.004 seconds.
  qryMAINTENANCE_MONTHLY_CR_COMPLETION (SQL)
  qryMAINTENANCE_WEEKLY_CL
    Sanitized in 0.006 seconds.
  qryMAINTENANCE_WEEKLY_CL (SQL)
  qryMAINTENANCE_WEEKLY_CL_COMPLETION
    Sanitized in 0.003 seconds.
  qryMAINTENANCE_WEEKLY_CL_COMPLETION (SQL)
  qryMAINTENANCE_WEEKLY_CR
    Sanitized in 0.004 seconds.
  qryMAINTENANCE_WEEKLY_CR (SQL)
  qryMAINTENANCE_WEEKLY_CR_COMPLETION
    Sanitized in 0.004 seconds.
  qryMAINTENANCE_WEEKLY_CR_COMPLETION (SQL)
  qryMETALCONTENT
    Sanitized in 0.005 seconds.
  qryMETALCONTENT (SQL)
  qryMETALS_AAS_DISPLAY
    Sanitized in 0.005 seconds.
  qryMETALS_AAS_DISPLAY (SQL)
  qryMETERS_CR
    Sanitized in 0.004 seconds.
  qryMETERS_CR (SQL)
  qryPART_01
    Sanitized in 0.007 seconds.
  qryPART_01 (SQL)
  qryPART_01_ELECTRODE
Source: modSanitize.SanitizeFile
    Sanitized in 0.002 seconds.
  qryPART_01_ELECTRODE (SQL)
  qryPART_07
Source: modSanitize.SanitizeFile
    Sanitized in 0.002 seconds.
  qryPART_07 (SQL)
  qryPART_LOCATION
    Sanitized in 0.002 seconds.
  qryPART_LOCATION (SQL)
  qryPARTNUM
    Sanitized in 0.003 seconds.
  qryPARTNUM (SQL)
  qryPARTNUM_ALL
Source: modSanitize.SanitizeFile
    Sanitized in 0.003 seconds.
  qryPARTNUM_ALL (SQL)
  qryPARTNUM_LINK
    Sanitized in 0.003 seconds.
  qryPARTNUM_LINK (SQL)
  qryPARTS_BATHE
    Sanitized in 0.004 seconds.
  qryPARTS_BATHE (SQL)
  qryPASSIVATION
    Sanitized in 0.004 seconds.
  qryPASSIVATION (SQL)
  qryPH_WASTE
    Sanitized in 0.003 seconds.
  qryPH_WASTE (SQL)
  qryPH_WASTE_DISPLAY
    Sanitized in 0.003 seconds.
  qryPH_WASTE_DISPLAY (SQL)
  qryPRESS
    Sanitized in 0.004 seconds.
  qryPRESS (SQL)
  qrySPECIFICGRAVITY
    Sanitized in 0.004 seconds.
  qrySPECIFICGRAVITY (SQL)
  qrySPECIFICGRAVITY_DISPLAY
    Sanitized in 0.004 seconds.
  qrySPECIFICGRAVITY_DISPLAY (SQL)
  qrySURFACE_ANALYSIS_AUGER
    Sanitized in 0.006 seconds.
  qrySURFACE_ANALYSIS_AUGER (SQL)
  qrySURFACE_ANALYSIS_IC
    Sanitized in 0.006 seconds.
  qrySURFACE_ANALYSIS_IC (SQL)
  qrySURFACE_ANALYSIS_XPS
    Sanitized in 0.005 seconds.
  qrySURFACE_ANALYSIS_XPS (SQL)
  qryTITRATION
    Sanitized in 0.004 seconds.
  qryTITRATION (SQL)
  qryTITRATION_DISPLAY
    Sanitized in 0.004 seconds.
  qryTITRATION_DISPLAY (SQL)
  qryULTRASONIC
    Sanitized in 0.005 seconds.
  qryULTRASONIC (SQL)
  qryULTRASONIC_DISPLAY
    Sanitized in 0.005 seconds.
  qryULTRASONIC_DISPLAY (SQL)
  qryWASTEWATER
    Sanitized in 0.004 seconds.
  qryWASTEWATER (SQL)
  qryWHERE_USED
    Sanitized in 0.004 seconds.
  qryWHERE_USED (SQL)
[68]
-------------------------------------
Exporting forms...            
  fmHOME
    Sanitized in 0.019 seconds.
  fmMAINTENANCE_MONTHLY_CL
    Sanitized in 0.011 seconds.
  fmMAINTENANCE_WEEKLY_CL
    Sanitized in 0.010 seconds.
  fmADJUSTTASKS
    Sanitized in 0.008 seconds.
  fmEP_NEW
    Sanitized in 0.049 seconds.
  fmPASSIVATION_NEW
    Sanitized in 0.018 seconds.
  fmBATH_NEW
    Sanitized in 0.023 seconds.
  fmLEAKCHECK_NEW
    Sanitized in 0.019 seconds.
  fmWASTEMONITOR
    Sanitized in 0.006 seconds.
  fmPART_NEW
    Sanitized in 0.019 seconds.
  fmWASTEWATER
    Sanitized in 0.032 seconds.
  fmPRESS_EDIT
    Sanitized in 0.022 seconds.
  fmLEAKCHECK_EDIT
    Sanitized in 0.026 seconds.
  fmMETERS_CR
    Sanitized in 0.012 seconds.
  fmPASSIVATION_EDIT
    Sanitized in 0.022 seconds.
  fmSHIFTS_EDIT
    Sanitized in 0.011 seconds.
  fmFUMEHOODS
    Sanitized in 0.015 seconds.
  fmMAINTENANCE_METERS_CR
    Sanitized in 0.012 seconds.
  fmPRESS
    Sanitized in 0.015 seconds.
  fmSURFACE_ANALYSIS_AUGER
    Sanitized in 0.032 seconds.
  fmBASIC_ULTRASONICS
    Sanitized in 0.007 seconds.
  fmEP_EDIT
    Sanitized in 0.042 seconds.
  fmLOCATIONS
    Sanitized in 0.007 seconds.
  fmPARTNUM_EDIT
    Sanitized in 0.012 seconds.
  fmSUPERVISOR_EDIT
    Sanitized in 0.014 seconds.
  fmTITRATION
    Sanitized in 0.034 seconds.
  fmBATH_EDIT
    Sanitized in 0.022 seconds.
  fmPART_01_EDIT
    Sanitized in 0.018 seconds.
  fmPART_07_EDIT
    Sanitized in 0.017 seconds.
  fmULTRASONICS
    Sanitized in 0.023 seconds.
  fmMAINTENANCE_CR
    Sanitized in 0.007 seconds.
  fmMETALS_AAS
    Sanitized in 0.023 seconds.
  fmTECHNICIAN
    Sanitized in 0.007 seconds.
  fmMAINTENANCE_DAILY_CL
    Sanitized in 0.022 seconds.
  fmTASKS_CL
    Sanitized in 0.008 seconds.
  fmMAINTENANCE_DAILY_CR
    Sanitized in 0.016 seconds.
  fmEPFIXTURES_SEARCH
    Sanitized in 0.025 seconds.
  fmPASSIVATION_SEARCH
    Sanitized in 0.011 seconds.
  fmPH
    Sanitized in 0.011 seconds.
  fmBASIC_MAP
    Sanitized in 0.011 seconds.
  fmENGINEER
    Sanitized in 0.008 seconds.
  fmLABORATORIES_EDIT
    Sanitized in 0.010 seconds.
  fmTECHNICIAN_EDIT
    Sanitized in 0.011 seconds.
  fmEXPORTDATA
    Sanitized in 0.024 seconds.
  fmPASSWORD
    Sanitized in 0.007 seconds.
  fmLABORATORIES_NEW
    Sanitized in 0.011 seconds.
  fmPARTNUM_NEW
    Sanitized in 0.008 seconds.
  fmTECHNICIAN_NEW
    Sanitized in 0.018 seconds.
  fmMAINTENANCE_MONTHLY_CR
    Sanitized in 0.021 seconds.
  fmMAINTENANCE_WEEKLY_CR
    Sanitized in 0.017 seconds.
  fmMAINTENANCE_CL
    Sanitized in 0.008 seconds.
  fmATMOSPHERE
    Sanitized in 0.011 seconds.
  fmSURFACE_QUALITY_IC
    Sanitized in 0.022 seconds.
  fmSURFACE_QUALITY
    Sanitized in 0.008 seconds.
  fmDI_WATER
    Sanitized in 0.074 seconds.
  fmLEAKCHECK
    Sanitized in 0.012 seconds.
  fmPART_01_BROWSE
    Sanitized in 0.004 seconds.
  fmWHERE_USED
    Sanitized in 0.012 seconds.
  fmPRESS_NEW
    Sanitized in 0.018 seconds.
  fmSUPERVISOR_NEW
    Sanitized in 0.012 seconds.
  fmSURFACE_ANALYSIS_XPS
    Sanitized in 0.040 seconds.
  fmMAINTENANCE_QUARTERLY_CL
    Sanitized in 0.012 seconds.
  fmCHEMICAL_MOVE
    Sanitized in 0.013 seconds.
  fmPASSIVATION_BROWSE
    Sanitized in 0.006 seconds.
  fmPARTNUM_BROWSE
    Sanitized in 0.005 seconds.
  fmBATH_BROWSE
    Sanitized in 0.043 seconds.
  fmPART_07_BROWSE
    Sanitized in 0.006 seconds.
  fmPART_INFO
    Sanitized in 0.014 seconds.
  fmSPECIFICGRAVITY
    Sanitized in 0.019 seconds.
  fmHOME_CL
    Sanitized in 0.020 seconds.
[70]
-------------------------------------
No macros found in this database.
-------------------------------------
No reports found in this database.
-------------------------------------
No table data found in this database.
-------------------------------------
Exporting modules...          
  frmFieldPopulating
  openPDFfile
  modMousePointers
  resolutionAdjustment
  maintenanceCheck
  emailBuilder
  errorHandling
  convertValues
  dueDates
[9]
-------------------------------------
No table data macros found in this database.
-------------------------------------
No relations found in this database.
-------------------------------------
Exporting doc properties...   
  Database Documents
[4]
-------------------------------------
Exporting nav pane groups...  
  Groups
[123]
-------------------------------------
Exporting hidden attributes...
  Database hidden attributes
[16]
-------------------------------------
Done. (56.81 seconds)

--------------------------------------------------
                PERFORMANCE REPORTS
--------------------------------------------------
Object Type                   Count     Seconds
--------------------------------------------------
Project                       1         0.04
VB Project                    1         0.04
VBE References                6         0.40
DB Properties                 51        0.21
Themes                        1         0.02
IMEX Specs                    1         0.10
Tables                        51        7.75
Queries                       68        36.95
Forms                         70        9.15
Modules                       9         0.56
Doc Properties                4         0.03
Nav Pane Groups               123       0.29
Hidden Attributes             16        0.02
--------------------------------------------------
TOTALS:                       402       55.56
--------------------------------------------------

--------------------------------------------------
Operations                    Count     Seconds
--------------------------------------------------
Convert to JSON               3525      1.15
Compute SHA256                352       0.04
Console Updates               7         0.11
Read File                     264       0.85
Parse JSON                    56        0.04
Compare Dictionary            56        0.00
Get Modified Date             201       0.71
Get File Property Hash        201       0.40
Write File                    261       1.46
Verify Path                   409       0.16
Create Folder                 2         0.00
Export Theme                  1         0.01
Clear Orphaned                4         0.55
Save Table SQL                51        3.23
Increment Progress            66        0.35
App.SaveAsText()              138       36.23
Delete File                   79        0.33
Read File Bytes               208       0.28
Sanitize File                 138       1.22
Save Query SQL                68        0.37
Read File DevMode             70        0.12
Get VBA Hash                  79        0.14
Export VBE Module             9         0.32
Enc. Windows-1252 as utf-8    9         0.10
--------------------------------------------------
Other Operations                        8.67
--------------------------------------------------


